[19:56:37] [@.util.SelfDependencyPatcher.patch/INFO] Missing JavaFX dependencies, attempting to patch in missing classes
[19:56:37] [@.util.SelfDependencyPatcher.loadFromCache/INFO]  - Loading dependencies...
[19:56:37] [@.util.SelfDependencyPatcher.patch/INFO]  - Done!
[19:56:37] [@.Launcher.main/INFO] *** HMCL 3.6.12.282 ***
[19:56:37] [@.Launcher.main/INFO] Operating System: Lingmo OS 3.0.0-rc.10 (Helium) (Linux 6.12.12-amd64)
[19:56:37] [@.Launcher.main/INFO] System Architecture: x86-64
[19:56:37] [@.Launcher.main/INFO] Native Encoding: UTF-8
[19:56:37] [@.Launcher.main/INFO] JNU Encoding: UTF-8
[19:56:37] [@.Launcher.main/INFO] Java Architecture: x86-64
[19:56:37] [@.Launcher.main/INFO] Java Version: 17.0.15, Debian
[19:56:37] [@.Launcher.main/INFO] Java VM Version: OpenJDK 64-Bit Server VM (mixed mode, sharing), Debian
[19:56:37] [@.Launcher.main/INFO] Java Home: /usr/lib/jvm/java-17-openjdk-amd64
[19:56:37] [@.Launcher.main/INFO] Current Directory: /media/tmx/TMX/coding/OS/TKernel2
[19:56:37] [@.Launcher.main/INFO] HMCL Global Directory: /home/tmx/.local/share/hmcl
[19:56:37] [@.Launcher.main/INFO] HMCL Current Directory: /media/tmx/TMX/coding/OS/TKernel2/.hmcl
[19:56:37] [@.Launcher.main/INFO] HMCL Jar Path: /home/tmx/桌面/hmcl-dev-3.6.12.282.jar
[19:56:37] [@.Launcher.main/INFO] HMCL Log File: /media/tmx/TMX/coding/OS/TKernel2/.hmcl/logs/2025-07-02T19-56-37.log
[19:56:37] [@.Launcher.main/INFO] JVM Max Memory: 3972 MiB
[19:56:37] [@.Launcher.main/INFO] Metaspace: 5.43 MiB
[19:56:37] [@.Launcher.main/INFO] Native Backend: None
[19:56:37] [@.Launcher.main/INFO] XDG Session Type: x11
[19:56:37] [@.Launcher.main/INFO] XDG Current Desktop: Lingmo
[19:56:38] [@.util.platform.SystemInfo.initialize/INFO] System Info:
 - CPU: Intel Core i7-8550U (4 Cores / 8 Threads)
 - GPU 1: Intel UHD Graphics 620 [Discrete]
 - GPU 2: NVIDIA GeForce MX150
 - Memory: 3.9 GiB / 15.51 GiB (25%)
[19:56:38] [@.Launcher.start/INFO] JavaFX Version: 17.0.15+1
[19:56:38] [@.Launcher.start/INFO] Prism pipeline: com.sun.prism.es2.ES2Pipeline
[19:56:38] [@.setting.ConfigHolder.init/INFO] Config location: /media/tmx/TMX/coding/OS/TKernel2/.hmcl/hmcl.json
[19:56:38] [@.setting.ConfigUpgrader.upgradeConfig/INFO] Updating configuration from 0 to 2.
[19:56:38] [@.auth.authlibinjector.AuthlibInjectorDownloader.checkUpdate/INFO] Checking update of authlib-injector
[19:56:38] [@.task.AsyncTaskExecutor.lambda$executeNormalTask$19/TRACE] Executing task: org.jackhuang.hmcl.game.GameRepository.refreshVersionsAsync(GameRepository.java:90)
[19:56:38] [@.task.AsyncTaskExecutor.lambda$executeNormalTask$19/TRACE] Executing task: org.jackhuang.hmcl.game.GameRepository.refreshVersionsAsync(GameRepository.java:90)
[19:56:38] [@.event.EventBus.fireEvent/INFO] RefreshingVersionsEvent [source=HMCLGameRepository [versions=null, baseDirectory=.minecraft]] gets fired
[19:56:38] [@.event.EventBus.fireEvent/INFO] RefreshingVersionsEvent [source=HMCLGameRepository [versions=null, baseDirectory=.minecraft]] gets fired
[19:56:38] [@.event.EventBus.fireEvent/INFO] RefreshedVersionsEvent [source=HMCLGameRepository [versions=[], baseDirectory=.minecraft]] gets fired
[19:56:38] [@.event.EventBus.fireEvent/INFO] RefreshedVersionsEvent [source=HMCLGameRepository [versions=[], baseDirectory=.minecraft]] gets fired
[19:56:38] [@.task.AsyncTaskExecutor.lambda$executeNormalTask$29/TRACE] Task finished: org.jackhuang.hmcl.game.GameRepository.refreshVersionsAsync(GameRepository.java:90)
[19:56:38] [@.task.AsyncTaskExecutor.lambda$executeNormalTask$29/TRACE] Task finished: org.jackhuang.hmcl.game.GameRepository.refreshVersionsAsync(GameRepository.java:90)
[19:56:38] [@.ui.Controllers.initialize/INFO] Start initializing application
[19:56:39] [@.auth.authlibinjector.AuthlibInjectorServer.refreshMetadata/INFO] authlib-injector server metadata refreshed: https://littleskin.cn/api/yggdrasil/
[19:56:39] [@.java.JavaManager.searchPotentialJavaExecutables/TRACE] Finished Java lookup, found 2
 - JDK 21.0.7 (x86-64, Microsoft): /home/tmx/.local/share/hmcl/java/linux-x86_64/mojang-java-runtime-delta/bin/java
 - JDK 17.0.15 (x86-64, Debian): /usr/lib/jvm/java-17-openjdk-amd64/bin/java
[19:56:39] [@.setting.FontManager.<clinit>/INFO] Font: Noto Sans CJK SC
[19:56:39] [@.task.AsyncTaskExecutor.lambda$executeNormalTask$19/TRACE] Executing task: org.jackhuang.hmcl.game.TexturesLoader.lambda$skinBinding$7(TexturesLoader.java:212)
[19:56:39] [@.task.AsyncTaskExecutor.lambda$executeNormalTask$19/TRACE] Executing task: org.jackhuang.hmcl.auth.offline.Skin.load(Skin.java:153)
[19:56:39] [@.task.AsyncTaskExecutor.lambda$executeNormalTask$29/TRACE] Task finished: org.jackhuang.hmcl.auth.offline.Skin.load(Skin.java:153)
[19:56:39] [@.task.AsyncTaskExecutor.lambda$executeNormalTask$29/TRACE] Task finished: org.jackhuang.hmcl.game.TexturesLoader.lambda$skinBinding$7(TexturesLoader.java:212)
[19:56:39] [@.util.FileSaver.saveSync/INFO] Saving file /media/tmx/TMX/coding/OS/TKernel2/.hmcl/hmcl.json
[19:56:39] [@.upgrade.IntegrityChecker.isSelfVerified/INFO] Successfully verified current JAR
[19:56:40] [@.util.Pack200Utils.<clinit>/WARNING] Pack200 not found
[19:56:40] [@.upgrade.UpdateChecker.lambda$requestCheckUpdate$2/INFO] Latest version (DEVELOPMENT) is [3.6.12.282 from http://mirrors.cloud.tencent.com/nexus/repository/maven-public/org/glavo/hmcl/hmcl-dev/3.6.12.282/hmcl-dev-3.6.12.282.jar]
[21:52:59] [@.ui.construct.Navigator.navigate/INFO] Navigate to AccountListPage@4b2001e[styleClass=gray-background]
[21:52:59] [@.task.AsyncTaskExecutor.lambda$executeNormalTask$19/TRACE] Executing task: org.jackhuang.hmcl.game.TexturesLoader.lambda$skinBinding$7(TexturesLoader.java:212)
[21:52:59] [@.task.AsyncTaskExecutor.lambda$executeNormalTask$19/TRACE] Executing task: org.jackhuang.hmcl.auth.offline.Skin.load(Skin.java:153)
[21:52:59] [@.task.AsyncTaskExecutor.lambda$executeNormalTask$29/TRACE] Task finished: org.jackhuang.hmcl.auth.offline.Skin.load(Skin.java:153)
[21:52:59] [@.task.AsyncTaskExecutor.lambda$executeNormalTask$29/TRACE] Task finished: org.jackhuang.hmcl.game.TexturesLoader.lambda$skinBinding$7(TexturesLoader.java:212)
[21:53:02] [@.ui.construct.JFXDialogPane.push/INFO] JFXDialogPane@5ac33f75 [CreateAccountPane@6c75929e[styleClass=jfx-dialog-layout]]
[21:53:04] [@.ui.construct.JFXDialogPane.pop/INFO] JFXDialogPane@5ac33f75 [], removed: true, object: CreateAccountPane@6c75929e[styleClass=jfx-dialog-layout]
[21:53:04] [@.ui.construct.Navigator.close/INFO] Closed page AccountListPage@4b2001e[styleClass=gray-background]
[21:53:05] [@.ui.construct.Navigator.navigate/INFO] Navigate to LauncherSettingsPage@2fd3127b[styleClass=gray-background]
[21:53:08] [@.ui.construct.JFXDialogPane.push/INFO] JFXDialogPane@17d9e3df [JavaDownloadDialog@5b946dec]
[21:53:13] [@.task.AsyncTaskExecutor.lambda$executeNormalTask$19/TRACE] Executing task: org.jackhuang.hmcl.ui.main.JavaDownloadDialog$DownloadDiscoJava.lambda$getJavaVersionList$14(JavaDownloadDialog.java:417)
[21:53:13] [@.task.AsyncTaskExecutor.lambda$executeNormalTask$19/TRACE] Executing task: org.jackhuang.hmcl.ui.main.JavaDownloadDialog$DownloadDiscoJava.lambda$getJavaVersionList$14(JavaDownloadDialog.java:401)
[21:53:13] [@.task.AsyncTaskExecutor.lambda$executeNormalTask$19/TRACE] Executing task: org.jackhuang.hmcl.download.java.disco.DiscoFetchJavaListTask
[21:53:13] [@.task.AsyncTaskExecutor.lambda$executeNormalTask$19/TRACE] Executing task: https://api.foojay.io/disco/v3.0/packages?lib_c_type=glibc&directly_downloadable=true&archive_type=tar.gz&operating_system=linux&distribution=graalvm&architecture=x86_64
[21:53:15] [@.task.AsyncTaskExecutor.lambda$executeNormalTask$29/TRACE] Task finished: https://api.foojay.io/disco/v3.0/packages?lib_c_type=glibc&directly_downloadable=true&archive_type=tar.gz&operating_system=linux&distribution=graalvm&architecture=x86_64
[21:53:15] [@.task.AsyncTaskExecutor.lambda$executeNormalTask$29/TRACE] Task finished: org.jackhuang.hmcl.download.java.disco.DiscoFetchJavaListTask
[21:53:15] [@.task.AsyncTaskExecutor.lambda$executeNormalTask$29/TRACE] Task finished: org.jackhuang.hmcl.ui.main.JavaDownloadDialog$DownloadDiscoJava.lambda$getJavaVersionList$14(JavaDownloadDialog.java:401)
[21:53:15] [@.task.AsyncTaskExecutor.lambda$executeNormalTask$29/TRACE] Task finished: org.jackhuang.hmcl.ui.main.JavaDownloadDialog$DownloadDiscoJava.lambda$getJavaVersionList$14(JavaDownloadDialog.java:417)
[21:53:17] [@.ui.construct.JFXDialogPane.push/INFO] JFXDialogPane@3ba5101e [TaskExecutorDialogPane@727ba2f7]
[21:53:17] [@.task.AsyncTaskExecutor.lambda$executeNormalTask$19/TRACE] Executing task: org.jackhuang.hmcl.ui.main.JavaDownloadDialog$DownloadDiscoJava.onDownload(JavaDownloadDialog.java:369)
[21:53:17] [@.task.AsyncTaskExecutor.lambda$executeNormalTask$19/TRACE] Executing task: org.jackhuang.hmcl.ui.main.JavaDownloadDialog$DownloadDiscoJava$$Lambda$1369/0x00007ff3d4506770@35fb6dad
[21:53:17] [@.task.AsyncTaskExecutor.lambda$executeNormalTask$19/TRACE] Executing task: https://api.foojay.io/disco/v3.0/ids/8a57c674f9f3ae7980f2f85d46f21be0
[21:53:17] [@.ui.construct.JFXDialogPane.pop/INFO] JFXDialogPane@17d9e3df [], removed: true, object: JavaDownloadDialog@5b946dec
[21:53:18] [@.task.AsyncTaskExecutor.lambda$executeNormalTask$29/TRACE] Task finished: https://api.foojay.io/disco/v3.0/ids/8a57c674f9f3ae7980f2f85d46f21be0
[21:53:18] [@.task.AsyncTaskExecutor.lambda$executeNormalTask$19/TRACE] Executing task: org.jackhuang.hmcl.task.Task$UniCompose$$Lambda$1388/0x00007ff3d4515358@1994057
[21:53:18] [@.task.AsyncTaskExecutor.lambda$executeNormalTask$19/TRACE] Executing task: org.jackhuang.hmcl.ui.main.JavaDownloadDialog$DownloadDiscoJava$$Lambda$1385/0x00007ff3d4514cd0@766ccb9
[21:53:18] [@.task.AsyncTaskExecutor.lambda$executeNormalTask$19/TRACE] Executing task: org.jackhuang.hmcl.ui.main.JavaDownloadDialog$DownloadDiscoJava.lambda$onDownload$8(JavaDownloadDialog.java:351)
[21:53:18] [@.task.AsyncTaskExecutor.lambda$executeNormalTask$19/TRACE] Executing task: https://download.oracle.com/graalvm/21/archive/graalvm-jdk-21.0.7_linux-x64_bin.tar.gz.sha256
[21:53:19] [@.task.AsyncTaskExecutor.lambda$executeNormalTask$29/TRACE] Task finished: https://download.oracle.com/graalvm/21/archive/graalvm-jdk-21.0.7_linux-x64_bin.tar.gz.sha256
[21:53:19] [@.task.AsyncTaskExecutor.lambda$executeNormalTask$29/TRACE] Task finished: org.jackhuang.hmcl.ui.main.JavaDownloadDialog$DownloadDiscoJava.lambda$onDownload$8(JavaDownloadDialog.java:351)
[21:53:19] [@.task.AsyncTaskExecutor.lambda$executeNormalTask$19/TRACE] Executing task: graalvm-jdk-21.0.7_linux-x64_bin.tar.gz
[21:53:19] [@.task.FileDownloadTask.beforeDownload/TRACE] Downloading https://download.oracle.com/graalvm/21/archive/graalvm-jdk-21.0.7_linux-x64_bin.tar.gz to /tmp/hmcl-java-12047225330838832568.tar.gz
[22:19:57] [@.task.FetchTask.execute/WARNING] Failed to download https://download.oracle.com/graalvm/21/archive/graalvm-jdk-21.0.7_linux-x64_bin.tar.gz, repeat times: 1
java.net.SocketTimeoutException: Read timed out
	at java.base/sun.nio.ch.NioSocketImpl.timedRead(NioSocketImpl.java:288)
	at java.base/sun.nio.ch.NioSocketImpl.implRead(NioSocketImpl.java:314)
	at java.base/sun.nio.ch.NioSocketImpl.read(NioSocketImpl.java:355)
	at java.base/sun.nio.ch.NioSocketImpl$1.read(NioSocketImpl.java:808)
	at java.base/java.net.Socket$SocketInputStream.read(Socket.java:966)
	at java.base/sun.security.ssl.SSLSocketInputRecord.read(SSLSocketInputRecord.java:484)
	at java.base/sun.security.ssl.SSLSocketInputRecord.readFully(SSLSocketInputRecord.java:467)
	at java.base/sun.security.ssl.SSLSocketInputRecord.decodeInputRecord(SSLSocketInputRecord.java:243)
	at java.base/sun.security.ssl.SSLSocketInputRecord.decode(SSLSocketInputRecord.java:181)
	at java.base/sun.security.ssl.SSLTransport.decode(SSLTransport.java:111)
	at java.base/sun.security.ssl.SSLSocketImpl.decode(SSLSocketImpl.java:1513)
	at java.base/sun.security.ssl.SSLSocketImpl.readApplicationRecord(SSLSocketImpl.java:1484)
	at java.base/sun.security.ssl.SSLSocketImpl$AppInputStream.read(SSLSocketImpl.java:1069)
	at java.base/java.io.BufferedInputStream.read1(BufferedInputStream.java:282)
	at java.base/java.io.BufferedInputStream.read(BufferedInputStream.java:343)
	at java.base/sun.net.www.MeteredStream.read(MeteredStream.java:141)
	at java.base/java.io.FilterInputStream.read(FilterInputStream.java:132)
	at java.base/sun.net.www.protocol.http.HttpURLConnection$HttpInputStream.read(HttpURLConnection.java:3735)
	at java.base/sun.net.www.protocol.http.HttpURLConnection$HttpInputStream.read(HttpURLConnection.java:3728)
	at org.jackhuang.hmcl.task.FetchTask.execute(FetchTask.java:139)
	at org.jackhuang.hmcl.task.AsyncTaskExecutor.lambda$executeNormalTask$22(AsyncTaskExecutor.java:244)
	at org.jackhuang.hmcl.util.Lang.lambda$wrap$2(Lang.java:291)
	at java.base/java.util.concurrent.CompletableFuture$AsyncRun.run(CompletableFuture.java:1804)
	at java.base/java.util.concurrent.ThreadPoolExecutor.runWorker(ThreadPoolExecutor.java:1136)
	at java.base/java.util.concurrent.ThreadPoolExecutor$Worker.run(ThreadPoolExecutor.java:635)
	at java.base/java.lang.Thread.run(Thread.java:840)
[22:19:57] [@.task.FileDownloadTask.beforeDownload/TRACE] Downloading https://download.oracle.com/graalvm/21/archive/graalvm-jdk-21.0.7_linux-x64_bin.tar.gz to /tmp/hmcl-java-12047225330838832568.tar.gz
[22:20:01] [@.task.FetchTask.execute/WARNING] Failed to download https://download.oracle.com/graalvm/21/archive/graalvm-jdk-21.0.7_linux-x64_bin.tar.gz, repeat times: 2
java.net.UnknownHostException: download.oracle.com
	at java.base/sun.nio.ch.NioSocketImpl.connect(NioSocketImpl.java:572)
	at java.base/java.net.SocksSocketImpl.connect(SocksSocketImpl.java:327)
	at java.base/java.net.Socket.connect(Socket.java:633)
	at java.base/sun.security.ssl.SSLSocketImpl.connect(SSLSocketImpl.java:304)
	at java.base/sun.net.NetworkClient.doConnect(NetworkClient.java:178)
	at java.base/sun.net.www.http.HttpClient.openServer(HttpClient.java:533)
	at java.base/sun.net.www.http.HttpClient.openServer(HttpClient.java:638)
	at java.base/sun.net.www.protocol.https.HttpsClient.<init>(HttpsClient.java:266)
	at java.base/sun.net.www.protocol.https.HttpsClient.New(HttpsClient.java:380)
	at java.base/sun.net.www.protocol.https.AbstractDelegateHttpsURLConnection.getNewHttpClient(AbstractDelegateHttpsURLConnection.java:193)
	at java.base/sun.net.www.protocol.http.HttpURLConnection.plainConnect0(HttpURLConnection.java:1257)
	at java.base/sun.net.www.protocol.http.HttpURLConnection.plainConnect(HttpURLConnection.java:1143)
	at java.base/sun.net.www.protocol.https.AbstractDelegateHttpsURLConnection.connect(AbstractDelegateHttpsURLConnection.java:179)
	at java.base/sun.net.www.protocol.http.HttpURLConnection.getInputStream0(HttpURLConnection.java:1702)
	at java.base/sun.net.www.protocol.http.HttpURLConnection.getInputStream(HttpURLConnection.java:1626)
	at java.base/java.net.HttpURLConnection.getResponseCode(HttpURLConnection.java:529)
	at java.base/sun.net.www.protocol.https.HttpsURLConnectionImpl.getResponseCode(HttpsURLConnectionImpl.java:308)
	at org.jackhuang.hmcl.util.io.NetworkUtils.resolveConnection(NetworkUtils.java:155)
	at org.jackhuang.hmcl.task.FetchTask.execute(FetchTask.java:108)
	at org.jackhuang.hmcl.task.AsyncTaskExecutor.lambda$executeNormalTask$22(AsyncTaskExecutor.java:244)
	at org.jackhuang.hmcl.util.Lang.lambda$wrap$2(Lang.java:291)
	at java.base/java.util.concurrent.CompletableFuture$AsyncRun.run(CompletableFuture.java:1804)
	at java.base/java.util.concurrent.ThreadPoolExecutor.runWorker(ThreadPoolExecutor.java:1136)
	at java.base/java.util.concurrent.ThreadPoolExecutor$Worker.run(ThreadPoolExecutor.java:635)
	at java.base/java.lang.Thread.run(Thread.java:840)
[22:20:01] [@.task.FileDownloadTask.beforeDownload/TRACE] Downloading https://download.oracle.com/graalvm/21/archive/graalvm-jdk-21.0.7_linux-x64_bin.tar.gz to /tmp/hmcl-java-12047225330838832568.tar.gz
[22:20:01] [@.task.FetchTask.execute/WARNING] Failed to download https://download.oracle.com/graalvm/21/archive/graalvm-jdk-21.0.7_linux-x64_bin.tar.gz, repeat times: 3
java.net.UnknownHostException: download.oracle.com
	at java.base/sun.nio.ch.NioSocketImpl.connect(NioSocketImpl.java:572)
	at java.base/java.net.SocksSocketImpl.connect(SocksSocketImpl.java:327)
	at java.base/java.net.Socket.connect(Socket.java:633)
	at java.base/sun.security.ssl.SSLSocketImpl.connect(SSLSocketImpl.java:304)
	at java.base/sun.net.NetworkClient.doConnect(NetworkClient.java:178)
	at java.base/sun.net.www.http.HttpClient.openServer(HttpClient.java:533)
	at java.base/sun.net.www.http.HttpClient.openServer(HttpClient.java:638)
	at java.base/sun.net.www.protocol.https.HttpsClient.<init>(HttpsClient.java:266)
	at java.base/sun.net.www.protocol.https.HttpsClient.New(HttpsClient.java:380)
	at java.base/sun.net.www.protocol.https.AbstractDelegateHttpsURLConnection.getNewHttpClient(AbstractDelegateHttpsURLConnection.java:193)
	at java.base/sun.net.www.protocol.http.HttpURLConnection.plainConnect0(HttpURLConnection.java:1257)
	at java.base/sun.net.www.protocol.http.HttpURLConnection.plainConnect(HttpURLConnection.java:1143)
	at java.base/sun.net.www.protocol.https.AbstractDelegateHttpsURLConnection.connect(AbstractDelegateHttpsURLConnection.java:179)
	at java.base/sun.net.www.protocol.http.HttpURLConnection.getInputStream0(HttpURLConnection.java:1702)
	at java.base/sun.net.www.protocol.http.HttpURLConnection.getInputStream(HttpURLConnection.java:1626)
	at java.base/java.net.HttpURLConnection.getResponseCode(HttpURLConnection.java:529)
	at java.base/sun.net.www.protocol.https.HttpsURLConnectionImpl.getResponseCode(HttpsURLConnectionImpl.java:308)
	at org.jackhuang.hmcl.util.io.NetworkUtils.resolveConnection(NetworkUtils.java:155)
	at org.jackhuang.hmcl.task.FetchTask.execute(FetchTask.java:108)
	at org.jackhuang.hmcl.task.AsyncTaskExecutor.lambda$executeNormalTask$22(AsyncTaskExecutor.java:244)
	at org.jackhuang.hmcl.util.Lang.lambda$wrap$2(Lang.java:291)
	at java.base/java.util.concurrent.CompletableFuture$AsyncRun.run(CompletableFuture.java:1804)
	at java.base/java.util.concurrent.ThreadPoolExecutor.runWorker(ThreadPoolExecutor.java:1136)
	at java.base/java.util.concurrent.ThreadPoolExecutor$Worker.run(ThreadPoolExecutor.java:635)
	at java.base/java.lang.Thread.run(Thread.java:840)
[22:20:01] [@.task.FileDownloadTask.beforeDownload/TRACE] Downloading https://download.oracle.com/graalvm/21/archive/graalvm-jdk-21.0.7_linux-x64_bin.tar.gz to /tmp/hmcl-java-12047225330838832568.tar.gz
[22:20:01] [@.task.FetchTask.execute/WARNING] Failed to download https://download.oracle.com/graalvm/21/archive/graalvm-jdk-21.0.7_linux-x64_bin.tar.gz, repeat times: 4
java.net.UnknownHostException: download.oracle.com
	at java.base/sun.nio.ch.NioSocketImpl.connect(NioSocketImpl.java:572)
	at java.base/java.net.SocksSocketImpl.connect(SocksSocketImpl.java:327)
	at java.base/java.net.Socket.connect(Socket.java:633)
	at java.base/sun.security.ssl.SSLSocketImpl.connect(SSLSocketImpl.java:304)
	at java.base/sun.net.NetworkClient.doConnect(NetworkClient.java:178)
	at java.base/sun.net.www.http.HttpClient.openServer(HttpClient.java:533)
	at java.base/sun.net.www.http.HttpClient.openServer(HttpClient.java:638)
	at java.base/sun.net.www.protocol.https.HttpsClient.<init>(HttpsClient.java:266)
	at java.base/sun.net.www.protocol.https.HttpsClient.New(HttpsClient.java:380)
	at java.base/sun.net.www.protocol.https.AbstractDelegateHttpsURLConnection.getNewHttpClient(AbstractDelegateHttpsURLConnection.java:193)
	at java.base/sun.net.www.protocol.http.HttpURLConnection.plainConnect0(HttpURLConnection.java:1257)
	at java.base/sun.net.www.protocol.http.HttpURLConnection.plainConnect(HttpURLConnection.java:1143)
	at java.base/sun.net.www.protocol.https.AbstractDelegateHttpsURLConnection.connect(AbstractDelegateHttpsURLConnection.java:179)
	at java.base/sun.net.www.protocol.http.HttpURLConnection.getInputStream0(HttpURLConnection.java:1702)
	at java.base/sun.net.www.protocol.http.HttpURLConnection.getInputStream(HttpURLConnection.java:1626)
	at java.base/java.net.HttpURLConnection.getResponseCode(HttpURLConnection.java:529)
	at java.base/sun.net.www.protocol.https.HttpsURLConnectionImpl.getResponseCode(HttpsURLConnectionImpl.java:308)
	at org.jackhuang.hmcl.util.io.NetworkUtils.resolveConnection(NetworkUtils.java:155)
	at org.jackhuang.hmcl.task.FetchTask.execute(FetchTask.java:108)
	at org.jackhuang.hmcl.task.AsyncTaskExecutor.lambda$executeNormalTask$22(AsyncTaskExecutor.java:244)
	at org.jackhuang.hmcl.util.Lang.lambda$wrap$2(Lang.java:291)
	at java.base/java.util.concurrent.CompletableFuture$AsyncRun.run(CompletableFuture.java:1804)
	at java.base/java.util.concurrent.ThreadPoolExecutor.runWorker(ThreadPoolExecutor.java:1136)
	at java.base/java.util.concurrent.ThreadPoolExecutor$Worker.run(ThreadPoolExecutor.java:635)
	at java.base/java.lang.Thread.run(Thread.java:840)
[22:20:01] [@.task.FileDownloadTask.beforeDownload/TRACE] Downloading https://download.oracle.com/graalvm/21/archive/graalvm-jdk-21.0.7_linux-x64_bin.tar.gz to /tmp/hmcl-java-12047225330838832568.tar.gz
[22:20:01] [@.task.FetchTask.execute/WARNING] Failed to download https://download.oracle.com/graalvm/21/archive/graalvm-jdk-21.0.7_linux-x64_bin.tar.gz, repeat times: 5
java.net.UnknownHostException: download.oracle.com
	at java.base/sun.nio.ch.NioSocketImpl.connect(NioSocketImpl.java:572)
	at java.base/java.net.SocksSocketImpl.connect(SocksSocketImpl.java:327)
	at java.base/java.net.Socket.connect(Socket.java:633)
	at java.base/sun.security.ssl.SSLSocketImpl.connect(SSLSocketImpl.java:304)
	at java.base/sun.net.NetworkClient.doConnect(NetworkClient.java:178)
	at java.base/sun.net.www.http.HttpClient.openServer(HttpClient.java:533)
	at java.base/sun.net.www.http.HttpClient.openServer(HttpClient.java:638)
	at java.base/sun.net.www.protocol.https.HttpsClient.<init>(HttpsClient.java:266)
	at java.base/sun.net.www.protocol.https.HttpsClient.New(HttpsClient.java:380)
	at java.base/sun.net.www.protocol.https.AbstractDelegateHttpsURLConnection.getNewHttpClient(AbstractDelegateHttpsURLConnection.java:193)
	at java.base/sun.net.www.protocol.http.HttpURLConnection.plainConnect0(HttpURLConnection.java:1257)
	at java.base/sun.net.www.protocol.http.HttpURLConnection.plainConnect(HttpURLConnection.java:1143)
	at java.base/sun.net.www.protocol.https.AbstractDelegateHttpsURLConnection.connect(AbstractDelegateHttpsURLConnection.java:179)
	at java.base/sun.net.www.protocol.http.HttpURLConnection.getInputStream0(HttpURLConnection.java:1702)
	at java.base/sun.net.www.protocol.http.HttpURLConnection.getInputStream(HttpURLConnection.java:1626)
	at java.base/java.net.HttpURLConnection.getResponseCode(HttpURLConnection.java:529)
	at java.base/sun.net.www.protocol.https.HttpsURLConnectionImpl.getResponseCode(HttpsURLConnectionImpl.java:308)
	at org.jackhuang.hmcl.util.io.NetworkUtils.resolveConnection(NetworkUtils.java:155)
	at org.jackhuang.hmcl.task.FetchTask.execute(FetchTask.java:108)
	at org.jackhuang.hmcl.task.AsyncTaskExecutor.lambda$executeNormalTask$22(AsyncTaskExecutor.java:244)
	at org.jackhuang.hmcl.util.Lang.lambda$wrap$2(Lang.java:291)
	at java.base/java.util.concurrent.CompletableFuture$AsyncRun.run(CompletableFuture.java:1804)
	at java.base/java.util.concurrent.ThreadPoolExecutor.runWorker(ThreadPoolExecutor.java:1136)
	at java.base/java.util.concurrent.ThreadPoolExecutor$Worker.run(ThreadPoolExecutor.java:635)
	at java.base/java.lang.Thread.run(Thread.java:840)
[22:20:01] [@.task.FileDownloadTask.beforeDownload/TRACE] Downloading https://download.oracle.com/graalvm/21/archive/graalvm-jdk-21.0.7_linux-x64_bin.tar.gz to /tmp/hmcl-java-12047225330838832568.tar.gz
[22:20:01] [@.task.FetchTask.execute/WARNING] Failed to download https://download.oracle.com/graalvm/21/archive/graalvm-jdk-21.0.7_linux-x64_bin.tar.gz, repeat times: 6
java.net.UnknownHostException: download.oracle.com
	at java.base/sun.nio.ch.NioSocketImpl.connect(NioSocketImpl.java:572)
	at java.base/java.net.SocksSocketImpl.connect(SocksSocketImpl.java:327)
	at java.base/java.net.Socket.connect(Socket.java:633)
	at java.base/sun.security.ssl.SSLSocketImpl.connect(SSLSocketImpl.java:304)
	at java.base/sun.net.NetworkClient.doConnect(NetworkClient.java:178)
	at java.base/sun.net.www.http.HttpClient.openServer(HttpClient.java:533)
	at java.base/sun.net.www.http.HttpClient.openServer(HttpClient.java:638)
	at java.base/sun.net.www.protocol.https.HttpsClient.<init>(HttpsClient.java:266)
	at java.base/sun.net.www.protocol.https.HttpsClient.New(HttpsClient.java:380)
	at java.base/sun.net.www.protocol.https.AbstractDelegateHttpsURLConnection.getNewHttpClient(AbstractDelegateHttpsURLConnection.java:193)
	at java.base/sun.net.www.protocol.http.HttpURLConnection.plainConnect0(HttpURLConnection.java:1257)
	at java.base/sun.net.www.protocol.http.HttpURLConnection.plainConnect(HttpURLConnection.java:1143)
	at java.base/sun.net.www.protocol.https.AbstractDelegateHttpsURLConnection.connect(AbstractDelegateHttpsURLConnection.java:179)
	at java.base/sun.net.www.protocol.http.HttpURLConnection.getInputStream0(HttpURLConnection.java:1702)
	at java.base/sun.net.www.protocol.http.HttpURLConnection.getInputStream(HttpURLConnection.java:1626)
	at java.base/java.net.HttpURLConnection.getResponseCode(HttpURLConnection.java:529)
	at java.base/sun.net.www.protocol.https.HttpsURLConnectionImpl.getResponseCode(HttpsURLConnectionImpl.java:308)
	at org.jackhuang.hmcl.util.io.NetworkUtils.resolveConnection(NetworkUtils.java:155)
	at org.jackhuang.hmcl.task.FetchTask.execute(FetchTask.java:108)
	at org.jackhuang.hmcl.task.AsyncTaskExecutor.lambda$executeNormalTask$22(AsyncTaskExecutor.java:244)
	at org.jackhuang.hmcl.util.Lang.lambda$wrap$2(Lang.java:291)
	at java.base/java.util.concurrent.CompletableFuture$AsyncRun.run(CompletableFuture.java:1804)
	at java.base/java.util.concurrent.ThreadPoolExecutor.runWorker(ThreadPoolExecutor.java:1136)
	at java.base/java.util.concurrent.ThreadPoolExecutor$Worker.run(ThreadPoolExecutor.java:635)
	at java.base/java.lang.Thread.run(Thread.java:840)
[22:20:01] [@.task.AsyncTaskExecutor.lambda$executeNormalTask$31/TRACE] Task failed: graalvm-jdk-21.0.7_linux-x64_bin.tar.gz
org.jackhuang.hmcl.task.DownloadException: Unable to download https://download.oracle.com/graalvm/21/archive/graalvm-jdk-21.0.7_linux-x64_bin.tar.gz, download.oracle.com
	at org.jackhuang.hmcl.task.FetchTask.execute(FetchTask.java:181)
	at org.jackhuang.hmcl.task.AsyncTaskExecutor.lambda$executeNormalTask$22(AsyncTaskExecutor.java:244)
	at org.jackhuang.hmcl.util.Lang.lambda$wrap$2(Lang.java:291)
	at java.base/java.util.concurrent.CompletableFuture$AsyncRun.run(CompletableFuture.java:1804)
	at java.base/java.util.concurrent.ThreadPoolExecutor.runWorker(ThreadPoolExecutor.java:1136)
	at java.base/java.util.concurrent.ThreadPoolExecutor$Worker.run(ThreadPoolExecutor.java:635)
	at java.base/java.lang.Thread.run(Thread.java:840)
Caused by: java.net.UnknownHostException: download.oracle.com
	at java.base/sun.nio.ch.NioSocketImpl.connect(NioSocketImpl.java:572)
	at java.base/java.net.SocksSocketImpl.connect(SocksSocketImpl.java:327)
	at java.base/java.net.Socket.connect(Socket.java:633)
	at java.base/sun.security.ssl.SSLSocketImpl.connect(SSLSocketImpl.java:304)
	at java.base/sun.net.NetworkClient.doConnect(NetworkClient.java:178)
	at java.base/sun.net.www.http.HttpClient.openServer(HttpClient.java:533)
	at java.base/sun.net.www.http.HttpClient.openServer(HttpClient.java:638)
	at java.base/sun.net.www.protocol.https.HttpsClient.<init>(HttpsClient.java:266)
	at java.base/sun.net.www.protocol.https.HttpsClient.New(HttpsClient.java:380)
	at java.base/sun.net.www.protocol.https.AbstractDelegateHttpsURLConnection.getNewHttpClient(AbstractDelegateHttpsURLConnection.java:193)
	at java.base/sun.net.www.protocol.http.HttpURLConnection.plainConnect0(HttpURLConnection.java:1257)
	at java.base/sun.net.www.protocol.http.HttpURLConnection.plainConnect(HttpURLConnection.java:1143)
	at java.base/sun.net.www.protocol.https.AbstractDelegateHttpsURLConnection.connect(AbstractDelegateHttpsURLConnection.java:179)
	at java.base/sun.net.www.protocol.http.HttpURLConnection.getInputStream0(HttpURLConnection.java:1702)
	at java.base/sun.net.www.protocol.http.HttpURLConnection.getInputStream(HttpURLConnection.java:1626)
	at java.base/java.net.HttpURLConnection.getResponseCode(HttpURLConnection.java:529)
	at java.base/sun.net.www.protocol.https.HttpsURLConnectionImpl.getResponseCode(HttpsURLConnectionImpl.java:308)
	at org.jackhuang.hmcl.util.io.NetworkUtils.resolveConnection(NetworkUtils.java:155)
	at org.jackhuang.hmcl.task.FetchTask.execute(FetchTask.java:108)
	... 6 more
[22:20:01] [@.task.AsyncTaskExecutor.lambda$executeNormalTask$29/ERROR] Subtasks failed for org.jackhuang.hmcl.ui.main.JavaDownloadDialog$DownloadDiscoJava$$Lambda$1385/0x00007ff3d4514cd0@766ccb9
[22:20:01] [@.task.AsyncTaskExecutor.lambda$executeNormalTask$31/TRACE] Task failed: org.jackhuang.hmcl.ui.main.JavaDownloadDialog$DownloadDiscoJava$$Lambda$1385/0x00007ff3d4514cd0@766ccb9
org.jackhuang.hmcl.task.DownloadException: Unable to download https://download.oracle.com/graalvm/21/archive/graalvm-jdk-21.0.7_linux-x64_bin.tar.gz, download.oracle.com
	at org.jackhuang.hmcl.task.FetchTask.execute(FetchTask.java:181)
	at org.jackhuang.hmcl.task.AsyncTaskExecutor.lambda$executeNormalTask$22(AsyncTaskExecutor.java:244)
	at org.jackhuang.hmcl.util.Lang.lambda$wrap$2(Lang.java:291)
	at java.base/java.util.concurrent.CompletableFuture$AsyncRun.run(CompletableFuture.java:1804)
	at java.base/java.util.concurrent.ThreadPoolExecutor.runWorker(ThreadPoolExecutor.java:1136)
	at java.base/java.util.concurrent.ThreadPoolExecutor$Worker.run(ThreadPoolExecutor.java:635)
	at java.base/java.lang.Thread.run(Thread.java:840)
Caused by: java.net.UnknownHostException: download.oracle.com
	at java.base/sun.nio.ch.NioSocketImpl.connect(NioSocketImpl.java:572)
	at java.base/java.net.SocksSocketImpl.connect(SocksSocketImpl.java:327)
	at java.base/java.net.Socket.connect(Socket.java:633)
	at java.base/sun.security.ssl.SSLSocketImpl.connect(SSLSocketImpl.java:304)
	at java.base/sun.net.NetworkClient.doConnect(NetworkClient.java:178)
	at java.base/sun.net.www.http.HttpClient.openServer(HttpClient.java:533)
	at java.base/sun.net.www.http.HttpClient.openServer(HttpClient.java:638)
	at java.base/sun.net.www.protocol.https.HttpsClient.<init>(HttpsClient.java:266)
	at java.base/sun.net.www.protocol.https.HttpsClient.New(HttpsClient.java:380)
	at java.base/sun.net.www.protocol.https.AbstractDelegateHttpsURLConnection.getNewHttpClient(AbstractDelegateHttpsURLConnection.java:193)
	at java.base/sun.net.www.protocol.http.HttpURLConnection.plainConnect0(HttpURLConnection.java:1257)
	at java.base/sun.net.www.protocol.http.HttpURLConnection.plainConnect(HttpURLConnection.java:1143)
	at java.base/sun.net.www.protocol.https.AbstractDelegateHttpsURLConnection.connect(AbstractDelegateHttpsURLConnection.java:179)
	at java.base/sun.net.www.protocol.http.HttpURLConnection.getInputStream0(HttpURLConnection.java:1702)
	at java.base/sun.net.www.protocol.http.HttpURLConnection.getInputStream(HttpURLConnection.java:1626)
	at java.base/java.net.HttpURLConnection.getResponseCode(HttpURLConnection.java:529)
	at java.base/sun.net.www.protocol.https.HttpsURLConnectionImpl.getResponseCode(HttpsURLConnectionImpl.java:308)
	at org.jackhuang.hmcl.util.io.NetworkUtils.resolveConnection(NetworkUtils.java:155)
	at org.jackhuang.hmcl.task.FetchTask.execute(FetchTask.java:108)
	... 6 more
[22:20:01] [@.task.AsyncTaskExecutor.lambda$executeNormalTask$31/TRACE] Task failed: org.jackhuang.hmcl.task.Task$UniCompose$$Lambda$1388/0x00007ff3d4515358@1994057
org.jackhuang.hmcl.task.DownloadException: Unable to download https://download.oracle.com/graalvm/21/archive/graalvm-jdk-21.0.7_linux-x64_bin.tar.gz, download.oracle.com
	at org.jackhuang.hmcl.task.FetchTask.execute(FetchTask.java:181)
	at org.jackhuang.hmcl.task.AsyncTaskExecutor.lambda$executeNormalTask$22(AsyncTaskExecutor.java:244)
	at org.jackhuang.hmcl.util.Lang.lambda$wrap$2(Lang.java:291)
	at java.base/java.util.concurrent.CompletableFuture$AsyncRun.run(CompletableFuture.java:1804)
	at java.base/java.util.concurrent.ThreadPoolExecutor.runWorker(ThreadPoolExecutor.java:1136)
	at java.base/java.util.concurrent.ThreadPoolExecutor$Worker.run(ThreadPoolExecutor.java:635)
	at java.base/java.lang.Thread.run(Thread.java:840)
Caused by: java.net.UnknownHostException: download.oracle.com
	at java.base/sun.nio.ch.NioSocketImpl.connect(NioSocketImpl.java:572)
	at java.base/java.net.SocksSocketImpl.connect(SocksSocketImpl.java:327)
	at java.base/java.net.Socket.connect(Socket.java:633)
	at java.base/sun.security.ssl.SSLSocketImpl.connect(SSLSocketImpl.java:304)
	at java.base/sun.net.NetworkClient.doConnect(NetworkClient.java:178)
	at java.base/sun.net.www.http.HttpClient.openServer(HttpClient.java:533)
	at java.base/sun.net.www.http.HttpClient.openServer(HttpClient.java:638)
	at java.base/sun.net.www.protocol.https.HttpsClient.<init>(HttpsClient.java:266)
	at java.base/sun.net.www.protocol.https.HttpsClient.New(HttpsClient.java:380)
	at java.base/sun.net.www.protocol.https.AbstractDelegateHttpsURLConnection.getNewHttpClient(AbstractDelegateHttpsURLConnection.java:193)
	at java.base/sun.net.www.protocol.http.HttpURLConnection.plainConnect0(HttpURLConnection.java:1257)
	at java.base/sun.net.www.protocol.http.HttpURLConnection.plainConnect(HttpURLConnection.java:1143)
	at java.base/sun.net.www.protocol.https.AbstractDelegateHttpsURLConnection.connect(AbstractDelegateHttpsURLConnection.java:179)
	at java.base/sun.net.www.protocol.http.HttpURLConnection.getInputStream0(HttpURLConnection.java:1702)
	at java.base/sun.net.www.protocol.http.HttpURLConnection.getInputStream(HttpURLConnection.java:1626)
	at java.base/java.net.HttpURLConnection.getResponseCode(HttpURLConnection.java:529)
	at java.base/sun.net.www.protocol.https.HttpsURLConnectionImpl.getResponseCode(HttpsURLConnectionImpl.java:308)
	at org.jackhuang.hmcl.util.io.NetworkUtils.resolveConnection(NetworkUtils.java:155)
	at org.jackhuang.hmcl.task.FetchTask.execute(FetchTask.java:108)
	... 6 more
[22:20:01] [@.task.AsyncTaskExecutor.lambda$executeNormalTask$29/ERROR] Subtasks failed for org.jackhuang.hmcl.ui.main.JavaDownloadDialog$DownloadDiscoJava$$Lambda$1369/0x00007ff3d4506770@35fb6dad
[22:20:01] [@.task.AsyncTaskExecutor.lambda$executeNormalTask$31/TRACE] Task failed: org.jackhuang.hmcl.ui.main.JavaDownloadDialog$DownloadDiscoJava$$Lambda$1369/0x00007ff3d4506770@35fb6dad
org.jackhuang.hmcl.task.DownloadException: Unable to download https://download.oracle.com/graalvm/21/archive/graalvm-jdk-21.0.7_linux-x64_bin.tar.gz, download.oracle.com
	at org.jackhuang.hmcl.task.FetchTask.execute(FetchTask.java:181)
	at org.jackhuang.hmcl.task.AsyncTaskExecutor.lambda$executeNormalTask$22(AsyncTaskExecutor.java:244)
	at org.jackhuang.hmcl.util.Lang.lambda$wrap$2(Lang.java:291)
	at java.base/java.util.concurrent.CompletableFuture$AsyncRun.run(CompletableFuture.java:1804)
	at java.base/java.util.concurrent.ThreadPoolExecutor.runWorker(ThreadPoolExecutor.java:1136)
	at java.base/java.util.concurrent.ThreadPoolExecutor$Worker.run(ThreadPoolExecutor.java:635)
	at java.base/java.lang.Thread.run(Thread.java:840)
Caused by: java.net.UnknownHostException: download.oracle.com
	at java.base/sun.nio.ch.NioSocketImpl.connect(NioSocketImpl.java:572)
	at java.base/java.net.SocksSocketImpl.connect(SocksSocketImpl.java:327)
	at java.base/java.net.Socket.connect(Socket.java:633)
	at java.base/sun.security.ssl.SSLSocketImpl.connect(SSLSocketImpl.java:304)
	at java.base/sun.net.NetworkClient.doConnect(NetworkClient.java:178)
	at java.base/sun.net.www.http.HttpClient.openServer(HttpClient.java:533)
	at java.base/sun.net.www.http.HttpClient.openServer(HttpClient.java:638)
	at java.base/sun.net.www.protocol.https.HttpsClient.<init>(HttpsClient.java:266)
	at java.base/sun.net.www.protocol.https.HttpsClient.New(HttpsClient.java:380)
	at java.base/sun.net.www.protocol.https.AbstractDelegateHttpsURLConnection.getNewHttpClient(AbstractDelegateHttpsURLConnection.java:193)
	at java.base/sun.net.www.protocol.http.HttpURLConnection.plainConnect0(HttpURLConnection.java:1257)
	at java.base/sun.net.www.protocol.http.HttpURLConnection.plainConnect(HttpURLConnection.java:1143)
	at java.base/sun.net.www.protocol.https.AbstractDelegateHttpsURLConnection.connect(AbstractDelegateHttpsURLConnection.java:179)
	at java.base/sun.net.www.protocol.http.HttpURLConnection.getInputStream0(HttpURLConnection.java:1702)
	at java.base/sun.net.www.protocol.http.HttpURLConnection.getInputStream(HttpURLConnection.java:1626)
	at java.base/java.net.HttpURLConnection.getResponseCode(HttpURLConnection.java:529)
	at java.base/sun.net.www.protocol.https.HttpsURLConnectionImpl.getResponseCode(HttpsURLConnectionImpl.java:308)
	at org.jackhuang.hmcl.util.io.NetworkUtils.resolveConnection(NetworkUtils.java:155)
	at org.jackhuang.hmcl.task.FetchTask.execute(FetchTask.java:108)
	... 6 more
[22:20:01] [@.ui.main.JavaDownloadDialog$DownloadDiscoJava.lambda$onDownload$10/WARNING] Failed to download java
org.jackhuang.hmcl.task.DownloadException: Unable to download https://download.oracle.com/graalvm/21/archive/graalvm-jdk-21.0.7_linux-x64_bin.tar.gz, download.oracle.com
	at org.jackhuang.hmcl.task.FetchTask.execute(FetchTask.java:181)
	at org.jackhuang.hmcl.task.AsyncTaskExecutor.lambda$executeNormalTask$22(AsyncTaskExecutor.java:244)
	at org.jackhuang.hmcl.util.Lang.lambda$wrap$2(Lang.java:291)
	at java.base/java.util.concurrent.CompletableFuture$AsyncRun.run(CompletableFuture.java:1804)
	at java.base/java.util.concurrent.ThreadPoolExecutor.runWorker(ThreadPoolExecutor.java:1136)
	at java.base/java.util.concurrent.ThreadPoolExecutor$Worker.run(ThreadPoolExecutor.java:635)
	at java.base/java.lang.Thread.run(Thread.java:840)
Caused by: java.net.UnknownHostException: download.oracle.com
	at java.base/sun.nio.ch.NioSocketImpl.connect(NioSocketImpl.java:572)
	at java.base/java.net.SocksSocketImpl.connect(SocksSocketImpl.java:327)
	at java.base/java.net.Socket.connect(Socket.java:633)
	at java.base/sun.security.ssl.SSLSocketImpl.connect(SSLSocketImpl.java:304)
	at java.base/sun.net.NetworkClient.doConnect(NetworkClient.java:178)
	at java.base/sun.net.www.http.HttpClient.openServer(HttpClient.java:533)
	at java.base/sun.net.www.http.HttpClient.openServer(HttpClient.java:638)
	at java.base/sun.net.www.protocol.https.HttpsClient.<init>(HttpsClient.java:266)
	at java.base/sun.net.www.protocol.https.HttpsClient.New(HttpsClient.java:380)
	at java.base/sun.net.www.protocol.https.AbstractDelegateHttpsURLConnection.getNewHttpClient(AbstractDelegateHttpsURLConnection.java:193)
	at java.base/sun.net.www.protocol.http.HttpURLConnection.plainConnect0(HttpURLConnection.java:1257)
	at java.base/sun.net.www.protocol.http.HttpURLConnection.plainConnect(HttpURLConnection.java:1143)
	at java.base/sun.net.www.protocol.https.AbstractDelegateHttpsURLConnection.connect(AbstractDelegateHttpsURLConnection.java:179)
	at java.base/sun.net.www.protocol.http.HttpURLConnection.getInputStream0(HttpURLConnection.java:1702)
	at java.base/sun.net.www.protocol.http.HttpURLConnection.getInputStream(HttpURLConnection.java:1626)
	at java.base/java.net.HttpURLConnection.getResponseCode(HttpURLConnection.java:529)
	at java.base/sun.net.www.protocol.https.HttpsURLConnectionImpl.getResponseCode(HttpsURLConnectionImpl.java:308)
	at org.jackhuang.hmcl.util.io.NetworkUtils.resolveConnection(NetworkUtils.java:155)
	at org.jackhuang.hmcl.task.FetchTask.execute(FetchTask.java:108)
	... 6 more
[22:20:01] [@.ui.FXUtils.parseSegment/WARNING] Failed to parse xml
org.xml.sax.SAXParseException; lineNumber: 28; columnNumber: 3; 元素类型 "init" 必须由匹配的结束标记 "</init>" 终止。
	at java.xml/com.sun.org.apache.xerces.internal.parsers.DOMParser.parse(DOMParser.java:262)
	at java.xml/com.sun.org.apache.xerces.internal.jaxp.DocumentBuilderImpl.parse(DocumentBuilderImpl.java:342)
	at org.jackhuang.hmcl.ui.FXUtils.parseSegment(FXUtils.java:1091)
	at org.jackhuang.hmcl.ui.construct.MessageDialogPane$EnhancedTextFlow.<init>(MessageDialogPane.java:147)
	at org.jackhuang.hmcl.ui.construct.MessageDialogPane.<init>(MessageDialogPane.java:105)
	at org.jackhuang.hmcl.ui.construct.MessageDialogPane$Builder.<init>(MessageDialogPane.java:160)
	at org.jackhuang.hmcl.ui.Controllers.dialog(Controllers.java:398)
	at org.jackhuang.hmcl.ui.Controllers.dialog(Controllers.java:394)
	at org.jackhuang.hmcl.ui.Controllers.dialog(Controllers.java:390)
	at org.jackhuang.hmcl.ui.main.JavaDownloadDialog$DownloadDiscoJava.lambda$onDownload$10(JavaDownloadDialog.java:389)
	at org.jackhuang.hmcl.task.Task.lambda$whenComplete$7(Task.java:754)
	at org.jackhuang.hmcl.task.Task$1.execute(Task.java:715)
	at org.jackhuang.hmcl.task.AsyncTaskExecutor.lambda$executeNormalTask$22(AsyncTaskExecutor.java:244)
	at org.jackhuang.hmcl.util.Lang.lambda$wrap$2(Lang.java:291)
	at java.base/java.util.concurrent.CompletableFuture$AsyncRun.run(CompletableFuture.java:1804)
	at javafx.graphics/com.sun.javafx.application.PlatformImpl.lambda$runLater$10(PlatformImpl.java:457)
	at java.base/java.security.AccessController.doPrivileged(AccessController.java:399)
	at javafx.graphics/com.sun.javafx.application.PlatformImpl.lambda$runLater$11(PlatformImpl.java:456)
	at javafx.graphics/com.sun.glass.ui.InvokeLaterDispatcher$Future.run(InvokeLaterDispatcher.java:96)
	at javafx.graphics/com.sun.glass.ui.gtk.GtkApplication._runLoop(Native Method)
	at javafx.graphics/com.sun.glass.ui.gtk.GtkApplication.lambda$runLoop$11(GtkApplication.java:290)
	at java.base/java.lang.Thread.run(Thread.java:840)
[22:20:01] [@.ui.construct.JFXDialogPane.push/INFO] JFXDialogPane@3ba5101e [TaskExecutorDialogPane@727ba2f7, MessageDialogPane@2022c9eb[styleClass=jfx-dialog-layout]]
[22:20:01] [@.task.AsyncTaskExecutor.lambda$start$1/WARNING] An exception occurred in task execution
org.jackhuang.hmcl.task.DownloadException: Unable to download https://download.oracle.com/graalvm/21/archive/graalvm-jdk-21.0.7_linux-x64_bin.tar.gz, download.oracle.com
	at org.jackhuang.hmcl.task.FetchTask.execute(FetchTask.java:181)
	at org.jackhuang.hmcl.task.AsyncTaskExecutor.lambda$executeNormalTask$22(AsyncTaskExecutor.java:244)
	at org.jackhuang.hmcl.util.Lang.lambda$wrap$2(Lang.java:291)
	at java.base/java.util.concurrent.CompletableFuture$AsyncRun.run(CompletableFuture.java:1804)
	at java.base/java.util.concurrent.ThreadPoolExecutor.runWorker(ThreadPoolExecutor.java:1136)
	at java.base/java.util.concurrent.ThreadPoolExecutor$Worker.run(ThreadPoolExecutor.java:635)
	at java.base/java.lang.Thread.run(Thread.java:840)
Caused by: java.net.UnknownHostException: download.oracle.com
	at java.base/sun.nio.ch.NioSocketImpl.connect(NioSocketImpl.java:572)
	at java.base/java.net.SocksSocketImpl.connect(SocksSocketImpl.java:327)
	at java.base/java.net.Socket.connect(Socket.java:633)
	at java.base/sun.security.ssl.SSLSocketImpl.connect(SSLSocketImpl.java:304)
	at java.base/sun.net.NetworkClient.doConnect(NetworkClient.java:178)
	at java.base/sun.net.www.http.HttpClient.openServer(HttpClient.java:533)
	at java.base/sun.net.www.http.HttpClient.openServer(HttpClient.java:638)
	at java.base/sun.net.www.protocol.https.HttpsClient.<init>(HttpsClient.java:266)
	at java.base/sun.net.www.protocol.https.HttpsClient.New(HttpsClient.java:380)
	at java.base/sun.net.www.protocol.https.AbstractDelegateHttpsURLConnection.getNewHttpClient(AbstractDelegateHttpsURLConnection.java:193)
	at java.base/sun.net.www.protocol.http.HttpURLConnection.plainConnect0(HttpURLConnection.java:1257)
	at java.base/sun.net.www.protocol.http.HttpURLConnection.plainConnect(HttpURLConnection.java:1143)
	at java.base/sun.net.www.protocol.https.AbstractDelegateHttpsURLConnection.connect(AbstractDelegateHttpsURLConnection.java:179)
	at java.base/sun.net.www.protocol.http.HttpURLConnection.getInputStream0(HttpURLConnection.java:1702)
	at java.base/sun.net.www.protocol.http.HttpURLConnection.getInputStream(HttpURLConnection.java:1626)
	at java.base/java.net.HttpURLConnection.getResponseCode(HttpURLConnection.java:529)
	at java.base/sun.net.www.protocol.https.HttpsURLConnectionImpl.getResponseCode(HttpsURLConnectionImpl.java:308)
	at org.jackhuang.hmcl.util.io.NetworkUtils.resolveConnection(NetworkUtils.java:155)
	at org.jackhuang.hmcl.task.FetchTask.execute(FetchTask.java:108)
	... 6 more
[22:20:01] [@.ui.construct.JFXDialogPane.pop/INFO] JFXDialogPane@3ba5101e [MessageDialogPane@2022c9eb[styleClass=jfx-dialog-layout]], removed: true, object: TaskExecutorDialogPane@727ba2f7
